{"numTotalTestSuites":21,"numPassedTestSuites":21,"numFailedTestSuites":0,"numPendingTestSuites":0,"numTotalTests":37,"numPassedTests":37,"numFailedTests":0,"numPendingTests":0,"numTodoTests":0,"snapshot":{"added":0,"failure":false,"filesAdded":0,"filesRemoved":0,"filesRemovedList":[],"filesUnmatched":0,"filesUpdated":0,"matched":0,"total":0,"unchecked":0,"uncheckedKeysByFile":[],"unmatched":0,"updated":0,"didUpdate":false},"startTime":1780084399873,"success":true,"testResults":[{"assertionResults":[{"ancestorTitles":["canAccessExamFeeStatus"],"fullName":"canAccessExamFeeStatus allows admin without teacher_code","status":"passed","title":"allows admin without teacher_code","duration":2.5464999999999236,"failureMessages":[],"meta":{}},{"ancestorTitles":["canAccessExamFeeStatus"],"fullName":"canAccessExamFeeStatus allows super admin without teacher_code","status":"passed","title":"allows super admin without teacher_code","duration":0.5588000000002467,"failureMessages":[],"meta":{}},{"ancestorTitles":["canAccessExamFeeStatus"],"fullName":"canAccessExamFeeStatus blocks teacher-code admins","status":"passed","title":"blocks teacher-code admins","duration":0.5395000000003165,"failureMessages":[],"meta":{}},{"ancestorTitles":["canAccessExamFeeStatus"],"fullName":"canAccessExamFeeStatus blocks missing or unsupported roles","status":"passed","title":"blocks missing or unsupported roles","duration":8.0317,"failureMessages":[],"meta":{}}],"startTime":1780084403974,"endTime":1780084403985.0317,"status":"passed","message":"","name":"C:/Users/ADMIN/Desktop/vantrang/vantrangedu/frontend/src/utils/adminSession.test.ts"},{"assertionResults":[{"ancestorTitles":["resolveImageUrl"],"fullName":"resolveImageUrl keeps absolute URL unchanged","status":"passed","title":"keeps absolute URL unchanged","duration":2.8621000000002823,"failureMessages":[],"meta":{}},{"ancestorTitles":["resolveImageUrl"],"fullName":"resolveImageUrl normalizes students image route with unencoded key","status":"passed","title":"normalizes students image route with unencoded key","duration":0.9517000000005282,"failureMessages":[],"meta":{}},{"ancestorTitles":["resolveImageUrl"],"fullName":"resolveImageUrl normalizes students image route without leading slash","status":"passed","title":"normalizes students image route without leading slash","duration":0.6093999999993684,"failureMessages":[],"meta":{}},{"ancestorTitles":["resolveImageUrl"],"fullName":"resolveImageUrl maps legacy R2 key to students image endpoint","status":"passed","title":"maps legacy R2 key to students image endpoint","duration":0.9238999999997759,"failureMessages":[],"meta":{}},{"ancestorTitles":["resolveImageUrl"],"fullName":"resolveImageUrl falls back UUID to students image endpoint when account hash is missing","status":"passed","title":"falls back UUID to students image endpoint when account hash is missing","duration":1.126299999999901,"failureMessages":[],"meta":{}},{"ancestorTitles":["image fallback helpers"],"fullName":"image fallback helpers creates an SVG data URL for initials avatar","status":"passed","title":"creates an SVG data URL for initials avatar","duration":1.2788000000000466,"failureMessages":[],"meta":{}},{"ancestorTitles":["image fallback helpers"],"fullName":"image fallback helpers applies fallback image only once","status":"passed","title":"applies fallback image only once","duration":27.84520000000066,"failureMessages":[],"meta":{}}],"startTime":1780084405224,"endTime":1780084405260.8452,"status":"passed","message":"","name":"C:/Users/ADMIN/Desktop/vantrang/vantrangedu/frontend/src/utils/imageUrl.test.ts"},{"assertionResults":[{"ancestorTitles":["Admin attendance page"],"fullName":"Admin attendance page submits normalized attendance batch payload for today","status":"passed","title":"submits normalized attendance batch payload for today","duration":787.6792999999998,"failureMessages":[],"meta":{}}],"startTime":1780084406329,"endTime":1780084407116.6792,"status":"passed","message":"","name":"C:/Users/ADMIN/Desktop/vantrang/vantrangedu/frontend/test/pages/admin-attendance-page.test.tsx"},{"assertionResults":[{"ancestorTitles":["Student attendance page"],"fullName":"Student attendance page renders offline and online attendance in the same dashboard view","status":"passed","title":"renders offline and online attendance in the same dashboard view","duration":1092.3162000000002,"failureMessages":[],"meta":{}}],"startTime":1780084405253,"endTime":1780084406345.3162,"status":"passed","message":"","name":"C:/Users/ADMIN/Desktop/vantrang/vantrangedu/frontend/test/pages/student-attendance-page.test.tsx"},{"assertionResults":[{"ancestorTitles":["applyOCRPrefillToRegistrationForm"],"fullName":"applyOCRPrefillToRegistrationForm normalizes OCR gender and applies it to the registration form","status":"passed","title":"normalizes OCR gender and applies it to the registration form","duration":7.958900000000085,"failureMessages":[],"meta":{}},{"ancestorTitles":["applyOCRPrefillToRegistrationForm"],"fullName":"applyOCRPrefillToRegistrationForm does not auto-fill noi_sinh from OCR placeOfOrigin","status":"passed","title":"does not auto-fill noi_sinh from OCR placeOfOrigin","duration":3.672900000000027,"failureMessages":[],"meta":{}},{"ancestorTitles":["applyOCRPrefillToRegistrationForm"],"fullName":"applyOCRPrefillToRegistrationForm rejects cccd front OCR when required fields are missing","status":"passed","title":"rejects cccd front OCR when required fields are missing","duration":0.9090000000001055,"failureMessages":[],"meta":{}},{"ancestorTitles":["applyOCRPrefillToRegistrationForm"],"fullName":"applyOCRPrefillToRegistrationForm accepts cccd front OCR when full name, cccd, and date of birth exist","status":"passed","title":"accepts cccd front OCR when full name, cccd, and date of birth exist","duration":0.6158999999997832,"failureMessages":[],"meta":{}}],"startTime":1780084403802,"endTime":1780084403815.616,"status":"passed","message":"","name":"C:/Users/ADMIN/Desktop/vantrang/vantrangedu/frontend/test/pages/student-registration-ocr.test.ts"},{"assertionResults":[{"ancestorTitles":["BirthPlaceField"],"fullName":"BirthPlaceField shows domestic province select by default","status":"passed","title":"shows domestic province select by default","duration":767.8900000000003,"failureMessages":[],"meta":{}},{"ancestorTitles":["BirthPlaceField"],"fullName":"BirthPlaceField switches to free-text input for foreign birth places","status":"passed","title":"switches to free-text input for foreign birth places","duration":380.3027999999995,"failureMessages":[],"meta":{}},{"ancestorTitles":["BirthPlaceField"],"fullName":"BirthPlaceField keeps foreign mode active while the free-text value starts empty","status":"passed","title":"keeps foreign mode active while the free-text value starts empty","duration":324.22540000000026,"failureMessages":[],"meta":{}},{"ancestorTitles":["BirthPlaceField"],"fullName":"BirthPlaceField normalizes old province names to the merged province name","status":"passed","title":"normalizes old province names to the merged province name","duration":124.36629999999968,"failureMessages":[],"meta":{}}],"startTime":1780084404784,"endTime":1780084406380.3662,"status":"passed","message":"","name":"C:/Users/ADMIN/Desktop/vantrang/vantrangedu/frontend/test/components/BirthPlaceField.test.tsx"},{"assertionResults":[{"ancestorTitles":["evaluatePortraitMetrics"],"fullName":"evaluatePortraitMetrics accepts a clear blue-background portrait photo","status":"passed","title":"accepts a clear blue-background portrait photo","duration":5.007300000000214,"failureMessages":[],"meta":{}},{"ancestorTitles":["evaluatePortraitMetrics"],"fullName":"evaluatePortraitMetrics rejects white-background photos","status":"passed","title":"rejects white-background photos","duration":1.2821999999996478,"failureMessages":[],"meta":{}},{"ancestorTitles":["evaluatePortraitMetrics"],"fullName":"evaluatePortraitMetrics rejects selfie-like close-up photos","status":"passed","title":"rejects selfie-like close-up photos","duration":1.1669000000001688,"failureMessages":[],"meta":{}},{"ancestorTitles":["evaluatePortraitMetrics"],"fullName":"evaluatePortraitMetrics rejects blurry photos","status":"passed","title":"rejects blurry photos","duration":1.130099999999402,"failureMessages":[],"meta":{}},{"ancestorTitles":["evaluatePortraitMetrics"],"fullName":"evaluatePortraitMetrics accepts slightly soft photos with a warning","status":"passed","title":"accepts slightly soft photos with a warning","duration":0.9952000000002954,"failureMessages":[],"meta":{}},{"ancestorTitles":["evaluatePortraitMetrics"],"fullName":"evaluatePortraitMetrics accepts borderline but usable editor-stage portraits","status":"passed","title":"accepts borderline but usable editor-stage portraits","duration":1.1795000000001892,"failureMessages":[],"meta":{}},{"ancestorTitles":["evaluatePortraitMetrics"],"fullName":"evaluatePortraitMetrics still rejects obvious selfie framing in editor","status":"passed","title":"still rejects obvious selfie framing in editor","duration":0.9646000000002459,"failureMessages":[],"meta":{}}],"startTime":1780084405217,"endTime":1780084405228.9646,"status":"passed","message":"","name":"C:/Users/ADMIN/Desktop/vantrang/vantrangedu/frontend/test/components/portrait-photo-validation.test.ts"},{"assertionResults":[{"ancestorTitles":["api-request-engine auth handling"],"fullName":"api-request-engine auth handling triggers role-based redirect handling on 401 responses","status":"passed","title":"triggers role-based redirect handling on 401 responses","duration":14.416700000000674,"failureMessages":[],"meta":{}},{"ancestorTitles":["api-request-engine auth handling"],"fullName":"api-request-engine auth handling does not redirect on unrelated 403 permission errors","status":"passed","title":"does not redirect on unrelated 403 permission errors","duration":3.70470000000023,"failureMessages":[],"meta":{}}],"startTime":1780084405253,"endTime":1780084405271.7046,"status":"passed","message":"","name":"C:/Users/ADMIN/Desktop/vantrang/vantrangedu/frontend/test/services/api-request-engine.test.ts"},{"assertionResults":[{"ancestorTitles":["authRedirect"],"fullName":"authRedirect returns the correct login path for each role","status":"passed","title":"returns the correct login path for each role","duration":14.200299999999515,"failureMessages":[],"meta":{}},{"ancestorTitles":["authRedirect"],"fullName":"authRedirect redirects student sessions to /login and clears student storage","status":"passed","title":"redirects student sessions to /login and clears student storage","duration":10.069799999999304,"failureMessages":[],"meta":{}},{"ancestorTitles":["authRedirect"],"fullName":"authRedirect redirects admin sessions to /admin/login and clears admin storage","status":"passed","title":"redirects admin sessions to /admin/login and clears admin storage","duration":3.9109000000007654,"failureMessages":[],"meta":{}},{"ancestorTitles":["authRedirect"],"fullName":"authRedirect treats protected dashboard routes without a token as redirect candidates","status":"passed","title":"treats protected dashboard routes without a token as redirect candidates","duration":2.45049999999992,"failureMessages":[],"meta":{}}],"startTime":1780084405293,"endTime":1780084405324.4504,"status":"passed","message":"","name":"C:/Users/ADMIN/Desktop/vantrang/vantrangedu/frontend/test/utils/authRedirect.test.ts"},{"assertionResults":[{"ancestorTitles":["birthPlaceOptions"],"fullName":"birthPlaceOptions contains the 34 merged provinces and cities","status":"passed","title":"contains the 34 merged provinces and cities","duration":6.515699999999924,"failureMessages":[],"meta":{}},{"ancestorTitles":["birthPlaceOptions"],"fullName":"birthPlaceOptions normalizes old province names to the new merged units","status":"passed","title":"normalizes old province names to the new merged units","duration":2.438000000000102,"failureMessages":[],"meta":{}},{"ancestorTitles":["birthPlaceOptions"],"fullName":"birthPlaceOptions keeps foreign places unchanged","status":"passed","title":"keeps foreign places unchanged","duration":1.1046999999998661,"failureMessages":[],"meta":{}}],"startTime":1780084405155,"endTime":1780084405165.1047,"status":"passed","message":"","name":"C:/Users/ADMIN/Desktop/vantrang/vantrangedu/frontend/test/utils/birthPlaceOptions.test.ts"}]}